<?xml version="1.0" encoding="UTF-8"?>
<testng-results skipped="0" failed="0" ignored="0" total="2" passed="2">
  <reporter-output>
  </reporter-output>
  <suite name="Open Cart Test Suite" duration-ms="10207" started-at="2022-07-01T01:31:05 IST" finished-at="2022-07-01T01:31:15 IST">
    <groups>
      <group name="regression">
        <method signature="TC_001_AccountRegistration.test_account_registration()[pri:0, instance:testcases.TC_001_AccountRegistration@52f759d7]" name="test_account_registration" class="testcases.TC_001_AccountRegistration"/>
      </group> <!-- regression -->
      <group name="sanity">
        <method signature="TC_002_Login.test_Login()[pri:0, instance:testcases.TC_002_Login@553a3d88]" name="test_Login" class="testcases.TC_002_Login"/>
      </group> <!-- sanity -->
      <group name="master">
        <method signature="TC_001_AccountRegistration.test_account_registration()[pri:0, instance:testcases.TC_001_AccountRegistration@52f759d7]" name="test_account_registration" class="testcases.TC_001_AccountRegistration"/>
        <method signature="TC_002_Login.test_Login()[pri:0, instance:testcases.TC_002_Login@553a3d88]" name="test_Login" class="testcases.TC_002_Login"/>
      </group> <!-- master -->
    </groups>
    <test name="OpenCart Tests" duration-ms="10207" started-at="2022-07-01T01:31:05 IST" finished-at="2022-07-01T01:31:15 IST">
      <class name="testcases.TC_001_AccountRegistration">
        <test-method status="PASS" signature="setup(java.lang.String)[pri:0, instance:testcases.TC_001_AccountRegistration@52f759d7]" name="setup" is-config="true" duration-ms="3130" started-at="2022-07-01T01:31:05 IST" finished-at="2022-07-01T01:31:08 IST">
          <params>
            <param index="0">
              <value>
                <![CDATA[chrome]]>
              </value>
            </param>
          </params>
          <reporter-output>
          </reporter-output>
        </test-method> <!-- setup -->
        <test-method status="PASS" signature="test_account_registration()[pri:0, instance:testcases.TC_001_AccountRegistration@52f759d7]" name="test_account_registration" duration-ms="3140" started-at="2022-07-01T01:31:08 IST" finished-at="2022-07-01T01:31:11 IST">
          <reporter-output>
          </reporter-output>
        </test-method> <!-- test_account_registration -->
        <test-method status="PASS" signature="tearDown()[pri:0, instance:testcases.TC_001_AccountRegistration@52f759d7]" name="tearDown" is-config="true" duration-ms="631" started-at="2022-07-01T01:31:11 IST" finished-at="2022-07-01T01:31:12 IST">
          <reporter-output>
          </reporter-output>
        </test-method> <!-- tearDown -->
      </class> <!-- testcases.TC_001_AccountRegistration -->
      <class name="testcases.TC_002_Login">
        <test-method status="PASS" signature="setup(java.lang.String)[pri:0, instance:testcases.TC_002_Login@553a3d88]" name="setup" is-config="true" duration-ms="1672" started-at="2022-07-01T01:31:12 IST" finished-at="2022-07-01T01:31:14 IST">
          <params>
            <param index="0">
              <value>
                <![CDATA[chrome]]>
              </value>
            </param>
          </params>
          <reporter-output>
          </reporter-output>
        </test-method> <!-- setup -->
        <test-method status="PASS" signature="test_Login()[pri:0, instance:testcases.TC_002_Login@553a3d88]" name="test_Login" duration-ms="800" started-at="2022-07-01T01:31:14 IST" finished-at="2022-07-01T01:31:15 IST">
          <reporter-output>
          </reporter-output>
        </test-method> <!-- test_Login -->
        <test-method status="PASS" signature="tearDown()[pri:0, instance:testcases.TC_002_Login@553a3d88]" name="tearDown" is-config="true" duration-ms="622" started-at="2022-07-01T01:31:15 IST" finished-at="2022-07-01T01:31:15 IST">
          <reporter-output>
          </reporter-output>
        </test-method> <!-- tearDown -->
      </class> <!-- testcases.TC_002_Login -->
    </test> <!-- OpenCart Tests -->
  </suite> <!-- Open Cart Test Suite -->
</testng-results>
